2026-02-14T00:25:10.531+05:30  INFO 19676 --- [DrawGuess] [MessageBroker-2] o.s.w.s.c.WebSocketMessageBrokerStats    : WebSocketSession[0 current WS(0)-HttpStream(0)-HttpPoll(0), 2 total, 0 closed abnormally (0 connect failure, 0 send limit, 0 transport error)], stompSubProtocol[processed CONNECT(2)-CONNECTED(2)-DISCONNECT(2)], stompBrokerRelay[null], inboundChannel[pool size = 0, active threads = 0, queued tasks = 0, completed tasks = 105], outboundChannel[pool size = 0, active threads = 0, queued tasks = 0, completed tasks = 33], sockJsScheduler[pool size = 12, active threads = 1, queued tasks = 1, completed tasks = 35161]
2026-02-14T00:55:10.561+05:30  INFO 19676 --- [DrawGuess] [MessageBroker-8] o.s.w.s.c.WebSocketMessageBrokerStats    : WebSocketSession[0 current WS(0)-HttpStream(0)-HttpPoll(0), 2 total, 0 closed abnormally (0 connect failure, 0 send limit, 0 transport error)], stompSubProtocol[processed CONNECT(2)-CONNECTED(2)-DISCONNECT(2)], stompBrokerRelay[null], inboundChannel[pool size = 0, active threads = 0, queued tasks = 0, completed tasks = 105], outboundChannel[pool size = 0, active threads = 0, queued tasks = 0, completed tasks = 33], sockJsScheduler[pool size = 12, active threads = 1, queued tasks = 1, completed tasks = 35522]
2026-02-14T01:25:10.567+05:30  INFO 19676 --- [DrawGuess] [MessageBroker-3] o.s.w.s.c.WebSocketMessageBrokerStats    : WebSocketSession[0 current WS(0)-HttpStream(0)-HttpPoll(0), 2 total, 0 closed abnormally (0 connect failure, 0 send limit, 0 transport error)], stompSubProtocol[processed CONNECT(2)-CONNECTED(2)-DISCONNECT(2)], stompBrokerRelay[null], inboundChannel[pool size = 0, active threads = 0, queued tasks = 0, completed tasks = 105], outboundChannel[pool size = 0, active threads = 0, queued tasks = 0, completed tasks = 33], sockJsScheduler[pool size = 12, active threads = 1, queued tasks = 1, completed tasks = 35883]
2026-02-14T10:50:51.845+05:30  INFO 19676 --- [DrawGuess] [MessageBroker-6] o.s.w.s.c.WebSocketMessageBrokerStats    : WebSocketSession[0 current WS(0)-HttpStream(0)-HttpPoll(0), 2 total, 0 closed abnormally (0 connect failure, 0 send limit, 0 transport error)], stompSubProtocol[processed CONNECT(2)-CONNECTED(2)-DISCONNECT(2)], stompBrokerRelay[null], inboundChannel[pool size = 0, active threads = 0, queued tasks = 0, completed tasks = 105], outboundChannel[pool size = 0, active threads = 0, queued tasks = 0, completed tasks = 33], sockJsScheduler[pool size = 12, active threads = 2, queued tasks = 0, completed tasks = 37323]
2026-02-14T10:50:58.897+05:30  WARN 19676 --- [DrawGuess] [HikariPool-1:housekeeper] com.zaxxer.hikari.pool.HikariPool        : HikariPool-1 - Thread starvation or clock leap detected (housekeeper delta=9h2m32s509ms241µs).
2026-02-14T11:20:52.044+05:30  INFO 19676 --- [DrawGuess] [MessageBroker-8] o.s.w.s.c.WebSocketMessageBrokerStats    : WebSocketSession[0 current WS(0)-HttpStream(0)-HttpPoll(0), 2 total, 0 closed abnormally (0 connect failure, 0 send limit, 0 transport error)], stompSubProtocol[processed CONNECT(2)-CONNECTED(2)-DISCONNECT(2)], stompBrokerRelay[null], inboundChannel[pool size = 0, active threads = 0, queued tasks = 0, completed tasks = 105], outboundChannel[pool size = 0, active threads = 0, queued tasks = 0, completed tasks = 33], sockJsScheduler[pool size = 12, active threads = 1, queued tasks = 1, completed tasks = 43034]
2026-02-14T11:33:10.489+05:30  INFO 19676 --- [DrawGuess] [RMI TCP Connection(488)-127.0.0.1] inMXBeanRegistrar$SpringApplicationAdmin : Application shutdown requested.
2026-02-14T11:33:11.182+05:30  INFO 19676 --- [DrawGuess] [RMI TCP Connection(489)-127.0.0.1] inMXBeanRegistrar$SpringApplicationAdmin : Application shutdown requested.
2026-02-14T11:33:11.350+05:30  INFO 19676 --- [DrawGuess] [RMI TCP Connection(488)-127.0.0.1] o.s.boot.tomcat.GracefulShutdown         : Commencing graceful shutdown. Waiting for active requests to complete
2026-02-14T11:33:11.493+05:30  INFO 19676 --- [DrawGuess] [tomcat-shutdown] o.s.boot.tomcat.GracefulShutdown         : Graceful shutdown complete
2026-02-14T11:33:11.573+05:30  INFO 19676 --- [DrawGuess] [RMI TCP Connection(488)-127.0.0.1] o.s.m.s.b.SimpleBrokerMessageHandler     : Stopping...
2026-02-14T11:33:11.575+05:30  INFO 19676 --- [DrawGuess] [RMI TCP Connection(488)-127.0.0.1] o.s.m.s.b.SimpleBrokerMessageHandler     : BrokerAvailabilityEvent[available=false, SimpleBrokerMessageHandler [org.springframework.messaging.simp.broker.DefaultSubscriptionRegistry@5593dd2b]]
2026-02-14T11:33:11.577+05:30  INFO 19676 --- [DrawGuess] [RMI TCP Connection(488)-127.0.0.1] o.s.m.s.b.SimpleBrokerMessageHandler     : Stopped.
2026-02-14T11:33:11.662+05:30  INFO 19676 --- [DrawGuess] [RMI TCP Connection(488)-127.0.0.1] j.LocalContainerEntityManagerFactoryBean : Closing JPA EntityManagerFactory for persistence unit 'default'
2026-02-14T11:33:22.735+05:30  INFO 19980 --- [DrawGuess] [main] c.p.drawguess.DrawGuessApplication       : Starting DrawGuessApplication using Java 25.0.1 with PID 19980 (C:\Users\dUser\Documents\sketch-app\backend\DrawGuess\target\classes started by dUser in C:\Users\dUser\Documents\sketch-app\backend\DrawGuess)
2026-02-14T11:33:22.738+05:30  INFO 19980 --- [DrawGuess] [main] c.p.drawguess.DrawGuessApplication       : No active profile set, falling back to 1 default profile: "default"
2026-02-14T11:33:23.514+05:30  INFO 19980 --- [DrawGuess] [main] .s.d.r.c.RepositoryConfigurationDelegate : Bootstrapping Spring Data JPA repositories in DEFAULT mode.
2026-02-14T11:33:23.572+05:30  INFO 19980 --- [DrawGuess] [main] .s.d.r.c.RepositoryConfigurationDelegate : Finished Spring Data repository scanning in 50 ms. Found 5 JPA repository interfaces.
2026-02-14T11:33:24.006+05:30  INFO 19980 --- [DrawGuess] [main] o.s.boot.tomcat.TomcatWebServer          : Tomcat initialized with port 8080 (http)
2026-02-14T11:33:24.017+05:30  INFO 19980 --- [DrawGuess] [main] o.apache.catalina.core.StandardService   : Starting service [Tomcat]
2026-02-14T11:33:24.018+05:30  INFO 19980 --- [DrawGuess] [main] o.apache.catalina.core.StandardEngine    : Starting Servlet engine: [Apache Tomcat/11.0.15]
2026-02-14T11:33:24.067+05:30  INFO 19980 --- [DrawGuess] [main] b.w.c.s.WebApplicationContextInitializer : Root WebApplicationContext: initialization completed in 1284 ms
2026-02-14T11:33:24.119+05:30  WARN 19980 --- [DrawGuess] [main] JpaBaseConfiguration$JpaWebConfiguration : spring.jpa.open-in-view is enabled by default. Therefore, database queries may be performed during view rendering. Explicitly configure spring.jpa.open-in-view to disable this warning
2026-02-14T11:33:24.211+05:30  INFO 19980 --- [DrawGuess] [main] org.hibernate.orm.jpa                    : HHH008540: Processing PersistenceUnitInfo [name: default]
2026-02-14T11:33:24.296+05:30  INFO 19980 --- [DrawGuess] [main] org.hibernate.orm.core                   : HHH000001: Hibernate ORM core version 7.2.1.Final
2026-02-14T11:33:24.774+05:30  INFO 19980 --- [DrawGuess] [main] o.s.o.j.p.SpringPersistenceUnitInfo      : No LoadTimeWeaver setup: ignoring JPA class transformer
2026-02-14T11:33:24.809+05:30  INFO 19980 --- [DrawGuess] [main] com.zaxxer.hikari.HikariDataSource       : HikariPool-1 - Starting...
2026-02-14T11:33:24.987+05:30  INFO 19980 --- [DrawGuess] [main] com.zaxxer.hikari.pool.HikariPool        : HikariPool-1 - Added connection com.mysql.cj.jdbc.ConnectionImpl@19213a74
2026-02-14T11:33:24.989+05:30  INFO 19980 --- [DrawGuess] [main] com.zaxxer.hikari.HikariDataSource       : HikariPool-1 - Start completed.
2026-02-14T11:33:25.122+05:30  INFO 19980 --- [DrawGuess] [main] org.hibernate.orm.connections.pooling    : HHH10001005: Database info:
	Database JDBC URL [jdbc:mysql://127.0.0.1:3306/DrawGuessDB?useSSL=false]
	Database driver: MySQL Connector/J
	Database dialect: MySQLDialect
	Database version: 8.0.36
	Default catalog/schema: DrawGuessDB/undefined
	Autocommit mode: undefined/unknown
	Isolation level: REPEATABLE_READ [default REPEATABLE_READ]
	JDBC fetch size: none
	Pool: DataSourceConnectionProvider
	Minimum pool size: undefined/unknown
	Maximum pool size: undefined/unknown
2026-02-14T11:33:26.307+05:30  INFO 19980 --- [DrawGuess] [main] org.hibernate.orm.core                   : HHH000489: No JTA platform available (set 'hibernate.transaction.jta.platform' to enable JTA platform integration)
2026-02-14T11:33:26.449+05:30  INFO 19980 --- [DrawGuess] [main] j.LocalContainerEntityManagerFactoryBean : Initialized JPA EntityManagerFactory for persistence unit 'default'
2026-02-14T11:33:26.655+05:30  INFO 19980 --- [DrawGuess] [main] o.s.d.j.r.query.QueryEnhancerFactories   : Hibernate is in classpath; If applicable, HQL parser will be used.
2026-02-14T11:33:27.322+05:30  INFO 19980 --- [DrawGuess] [main] r$InitializeUserDetailsManagerConfigurer : Global AuthenticationManager configured with UserDetailsService bean with name userServiceImpl
